<?xml version="1.0" encoding="UTF-8" ?>
<testsuite errors="0" failures="0" hostname="kevin-PC" name="junit.AllTests" tests="30" time="1.514" timestamp="2011-12-11T13:20:03">
  <properties>
    <property name="java.vendor" value="Sun Microsystems Inc." />
    <property name="sun.java.launcher" value="SUN_STANDARD" />
    <property name="eclipse.pdebuild.templates" value="/D:/eclipse/plugins/org.eclipse.pde.build_3.7.0.v20110512-1320/templates/" />
    <property name="sun.management.compiler" value="HotSpot Client Compiler" />
    <property name="env.PROMPT" value="$P$G" />
    <property name="os.name" value="Windows Vista" />
    <property name="env.FP_NO_HOST_CHECK" value="NO" />
    <property name="sun.boot.class.path" value="D:\Java\jdk1.6\jre\lib\resources.jar;D:\Java\jdk1.6\jre\lib\rt.jar;D:\Java\jdk1.6\jre\lib\sunrsasign.jar;D:\Java\jdk1.6\jre\lib\jsse.jar;D:\Java\jdk1.6\jre\lib\jce.jar;D:\Java\jdk1.6\jre\lib\charsets.jar;D:\Java\jdk1.6\jre\classes" />
    <property name="env.COMPUTERNAME" value="KEVIN-PC" />
    <property name="env.ALLUSERSPROFILE" value="C:\ProgramData" />
    <property name="sun.desktop" value="windows" />
    <property name="java.vm.specification.vendor" value="Sun Microsystems Inc." />
    <property name="ant.home" value="D:\apache-ant" />
    <property name="java.runtime.version" value="1.6.0_10-rc2-b32" />
    <property name="env.lib" value="D:\Microsoft Visual Studio\VC98\mfc\lib;D:\Microsoft Visual Studio\VC98\lib" />
    <property name="env.HOMEPATH" value="\Users\Administrator" />
    <property name="user.name" value="Administrator" />
    <property name="ant.file.MarketClient" value="D:\Java\workspace\MarketClient\build.xml" />
    <property name="ant.file.type.MarketClient" value="file" />
    <property name="user.language" value="zh" />
    <property name="sun.boot.library.path" value="D:\Java\jdk1.6\jre\bin" />
    <property name="ant.project.default-target" value="build" />
    <property name="ant.project.name" value="MarketClient" />
    <property name="java.version" value="1.6.0_10-rc2" />
    <property name="env.PROCESSOR_IDENTIFIER" value="x86 Family 6 Model 37 Stepping 5, GenuineIntel" />
    <property name="user.timezone" value="" />
    <property name="env.TEMP" value="C:\Users\ADMINI~1\AppData\Local\Temp" />
    <property name="sun.arch.data.model" value="32" />
    <property name="java.endorsed.dirs" value="D:\Java\jdk1.6\jre\lib\endorsed" />
    <property name="sun.cpu.isalist" value="pentium_pro+mmx pentium_pro pentium+mmx pentium i486 i386 i86" />
    <property name="env.HOMEDRIVE" value="C:" />
    <property name="sun.jnu.encoding" value="GBK" />
    <property name="file.encoding.pkg" value="sun.io" />
    <property name="ECLIPSE_HOME" value="../../../eclipse" />
    <property name="file.separator" value="\" />
    <property name="java.specification.name" value="Java Platform API Specification" />
    <property name="java.class.version" value="50.0" />
    <property name="user.country" value="CN" />
    <property name="java.home" value="D:\Java\jdk1.6\jre" />
    <property name="env.PSModulePath" value="C:\Windows\system32\WindowsPowerShell\v1.0\Modules\" />
    <property name="env.APPDATA" value="C:\Users\Administrator\AppData\Roaming" />
    <property name="env.PUBLIC" value="C:\Users\Public" />
    <property name="java.vm.info" value="mixed mode, sharing" />
    <property name="env.ComSpec" value="C:\Windows\system32\cmd.exe" />
    <property name="env.OS" value="Windows_NT" />
    <property name="env.CommonProgramFiles" value="C:\Program Files\Common Files" />
    <property name="ant.file" value="D:\Java\workspace\MarketClient\build.xml" />
    <property name="os.version" value="6.1" />
    <property name="path.separator" value=";" />
    <property name="java.vm.version" value="11.0-b15" />
    <property name="env.USERPROFILE" value="C:\Users\Administrator" />
    <property name="user.variant" value="" />
    <property name="ant.library.dir" value="D:\apache-ant\lib" />
    <property name="junit.output.dir" value="junit" />
    <property name="env.JAVA_HOME" value="D:\Java\jdk1.6" />
    <property name="java.awt.printerjob" value="sun.awt.windows.WPrinterJob" />
    <property name="env.TMP" value="C:\Users\ADMINI~1\AppData\Local\Temp" />
    <property name="sun.io.unicode.encoding" value="UnicodeLittle" />
    <property name="awt.toolkit" value="sun.awt.windows.WToolkit" />
    <property name="env.MSDevDir" value="D:\Microsoft Visual Studio\Common\MSDev98" />
    <property name="eclipse.pdebuild.scripts" value="/D:/eclipse/plugins/org.eclipse.pde.build_3.7.0.v20110512-1320/scripts/" />
    <property name="user.home" value="C:\Users\Administrator" />
    <property name="target" value="1.6" />
    <property name="env.ProgramData" value="C:\ProgramData" />
    <property name="env.SESSIONNAME" value="Console" />
    <property name="java.specification.vendor" value="Sun Microsystems Inc." />
    <property name="env.CLASSPATH" value=".;d:\java\jdk1.6\jmf\lib\sound.jar;d:\java\jdk1.6\jmf\lib\jmf.jar;d:\java\jdk1.6\jmf\lib;.;.;d:\JMF\lib\sound.jar;d:\JMF\lib\jmf.jar;d:\JMF\lib;C:\Windows\java\classes;." />
    <property name="env.1830B7BD-F7A3-4c4d-989B-C004DE465EDE" value="a30:2b5420" />
    <property name="env.NUMBER_OF_PROCESSORS" value="4" />
    <property name="java.library.path" value="D:\Java\jdk1.6\jre\bin;.;C:\Windows\Sun\Java\bin;C:\Windows\system32;C:\Windows;D:/Java/jdk1.6/bin/../jre/bin/client;D:/Java/jdk1.6/bin/../jre/bin;D:/Java/jdk1.6/bin/../jre/lib/i386;F:\Maya2009\bin;D:\Java\jdk1.6\bin;D:\Java\jdk1.6\jre\bin;D:\TortoiseSVN\bin;C:\Program Files\Common Files\Adobe\AGL;D:\Microsoft Visual Studio\Common\Tools\WinNT;D:\Microsoft Visual Studio\Common\MSDev98\Bin;D:\Microsoft Visual Studio\Common\Tools;D:\Microsoft Visual Studio\VC98\bin;D:\apache-ant\bin;D:\eclipse;" />
    <property name="java.vendor.url" value="http://java.sun.com/" />
    <property name="env.HUDSON_HOME" value="D:\HudsonHome" />
    <property name="java.vm.vendor" value="Sun Microsystems Inc." />
    <property name="java.runtime.name" value="Java(TM) SE Runtime Environment" />
    <property name="java.class.path" value="D:\Java\workspace\MarketClient\bin;D:\eclipse\plugins\org.junit_4.8.2.v4_8_2_v20110321-1705\junit.jar;D:\eclipse\plugins\org.hamcrest.core_1.1.0.v20090501071000.jar;D:\Java\workspace\MarketClient;d:\java\jdk1.6\jmf\lib\sound.jar;d:\java\jdk1.6\jmf\lib\jmf.jar;d:\java\jdk1.6\jmf\lib;C:\Windows\java\classes;D:\apache-ant\lib\ant-launcher.jar;D:\apache-ant\lib\ant.jar;D:\apache-ant\lib\ant-junit.jar;D:\apache-ant\lib\ant-junit4.jar" />
    <property name="ant.version" value="Apache Ant(TM) version 1.8.2 compiled on December 20 2010" />
    <property name="java.vm.specification.name" value="Java Virtual Machine Specification" />
    <property name="env.LOGONSERVER" value="\\KEVIN-PC" />
    <property name="env.windir" value="C:\Windows" />
    <property name="env.PROCESSOR_ARCHITECTURE" value="x86" />
    <property name="java.vm.specification.version" value="1.0" />
    <property name="sun.cpu.endian" value="little" />
    <property name="sun.os.patch.level" value="" />
    <property name="debuglevel" value="source,lines,vars" />
    <property name="env.ProgramFiles" value="C:\Program Files" />
    <property name="env.ANT_HOME" value="D:\apache-ant" />
    <property name="env.PROCESSOR_REVISION" value="2505" />
    <property name="eclipse.pdebuild.home" value="/D:/eclipse/plugins/org.eclipse.pde.build_3.7.0.v20110512-1320/./" />
    <property name="java.io.tmpdir" value="C:\Users\ADMINI~1\AppData\Local\Temp\" />
    <property name="java.vendor.url.bug" value="http://java.sun.com/cgi-bin/bugreport.cgi" />
    <property name="env.SystemRoot" value="C:\Windows" />
    <property name="java.awt.graphicsenv" value="sun.awt.Win32GraphicsEnvironment" />
    <property name="os.arch" value="x86" />
    <property name="java.ext.dirs" value="D:\Java\jdk1.6\jre\lib\ext;C:\Windows\Sun\Java\lib\ext" />
    <property name="user.dir" value="D:\Java\workspace\MarketClient" />
    <property name="env.LOCALAPPDATA" value="C:\Users\Administrator\AppData\Local" />
    <property name="line.separator" value="&#xd;&#xa;" />
    <property name="java.vm.name" value="Java HotSpot(TM) Client VM" />
    <property name="env.PATHEXT" value=".COM;.EXE;.BAT;.CMD;.VBS;.VBE;.JS;.JSE;.WSF;.WSH;.MSC" />
    <property name="env.Path" value="D:/Java/jdk1.6/bin/../jre/bin/client;D:/Java/jdk1.6/bin/../jre/bin;D:/Java/jdk1.6/bin/../jre/lib/i386;F:\Maya2009\bin;D:\Java\jdk1.6\bin;D:\Java\jdk1.6\jre\bin;D:\TortoiseSVN\bin;C:\Program Files\Common Files\Adobe\AGL;D:\Microsoft Visual Studio\Common\Tools\WinNT;D:\Microsoft Visual Studio\Common\MSDev98\Bin;D:\Microsoft Visual Studio\Common\Tools;D:\Microsoft Visual Studio\VC98\bin;D:\apache-ant\bin;D:\eclipse;" />
    <property name="basedir" value="D:\Java\workspace\MarketClient" />
    <property name="env.VISUALSVN_SERVER" value="D:\VisualSVN Server\" />
    <property name="ant.java.version" value="1.6" />
    <property name="ant.core.lib" value="D:\apache-ant\lib\ant.jar" />
    <property name="env.USERNAME" value="Administrator" />
    <property name="source" value="1.6" />
    <property name="env.SystemDrive" value="C:" />
    <property name="file.encoding" value="GBK" />
    <property name="env.VS100COMNTOOLS" value="d:\Microsoft Visual Studio 10.0\Common7\Tools\" />
    <property name="env.USERDOMAIN" value="kevin-PC" />
    <property name="env.include" value="D:\Microsoft Visual Studio\VC98\atl\include;D:\Microsoft Visual Studio\VC98\mfc\include;D:\Microsoft Visual Studio\VC98\include" />
    <property name="java.specification.version" value="1.6" />
    <property name="ant.project.invoked-targets" value="AllTests" />
    <property name="env.PROCESSOR_LEVEL" value="6" />
  </properties>
  <testcase classname="junit.logic.CalculateControllTest" name="testCalculateDue" time="0.0030" />
  <testcase classname="junit.logic.CalculateControllTest" name="testOverflow" time="0.0" />
  <testcase classname="junit.logic.ListOperationTest" name="testDeleteGoods" time="0.012" />
  <testcase classname="junit.logic.ListOperationTest" name="testAddGoods" time="0.0050" />
  <testcase classname="junit.logic.SaveInfoControllTest" name="test" time="0.0010" />
  <testcase classname="junit.logic.SearchBillTest" name="testSearchBill" time="0.033" />
  <testcase classname="junit.logic.SearchBillTest" name="testGetBills" time="0.021" />
  <testcase classname="junit.logic.SearchBillTest" name="testSearchBillControll" time="0.0090" />
  <testcase classname="junit.logic.SearchGoodsTest" name="testSearchGoodsControll" time="0.0060" />
  <testcase classname="junit.logic.SearchGoodsTest" name="testGetGoodsList" time="0.0050" />
  <testcase classname="junit.logic.SearchGoodsTest" name="testSearchGood" time="0.0050" />
  <testcase classname="junit.logic.SearchUserTest" name="testSearchSalesman" time="0.0" />
  <testcase classname="junit.DataOperation.GetDataTest" name="testGetGoodsList" time="0.0030" />
  <testcase classname="junit.DataOperation.GetDataTest" name="testGetSalesmans" time="0.0" />
  <testcase classname="junit.DataOperation.GetDataTest" name="testGetGMList" time="0.0" />
  <testcase classname="junit.DataOperation.GetDataTest" name="testGetSMList" time="0.0" />
  <testcase classname="junit.DataOperation.GetDataTest" name="testGetAmountOnSaleStraList" time="0.0020" />
  <testcase classname="junit.DataOperation.GetDataTest" name="testGetGoodsOnSaleStraList" time="0.0" />
  <testcase classname="junit.DataOperation.GetDataTest" name="testGetGoodsGiftStralist" time="0.0010" />
  <testcase classname="junit.DataOperation.GetDataTest" name="testGetAmountGiftStralist" time="0.0010" />
  <testcase classname="junit.DataOperation.GetDataTest" name="testGetVIPList" time="0.0020" />
  <testcase classname="junit.DataOperation.GetDataTest" name="testGetBillList" time="0.0090" />
  <testcase classname="junit.DataOperation.SaveDataTest" name="test" time="0.0" />
  <testcase classname="junit.view.IndividualPanelTest" name="test" time="0.0" />
  <testcase classname="junit.view.LoginPanelTest" name="test" time="0.039" />
  <testcase classname="junit.view.MainFrameTest" name="testMain" time="0.086" />
  <testcase classname="junit.view.ReturnGoodsPanelTest" name="test" time="0.0020" />
  <testcase classname="junit.view.SalesmanIndividualPanelTest" name="test" time="0.0050" />
  <testcase classname="junit.view.SalesmanLoginPanelTest" name="test" time="1.193" />
  <testcase classname="junit.view.SellGoodsPanelTest" name="test" time="0.0010" />
  <system-out><![CDATA[]]></system-out>
  <system-err><![CDATA[]]></system-err>
</testsuite>
